{"C:\\Users\\asens\\OneDrive\\Escritorio\\proyectos\\rest_api_node_ts_server\\src\\router.ts": {"path":"C:\\Users\\asens\\OneDrive\\Escritorio\\proyectos\\rest_api_node_ts_server\\src\\router.ts","statementMap":{"0":{"start":{"line":1,"column":0},"end":{"line":1,"column":32}},"1":{"start":{"line":2,"column":0},"end":{"line":2,"column":47}},"2":{"start":{"line":3,"column":0},"end":{"line":3,"column":57}},"3":{"start":{"line":4,"column":0},"end":{"line":4,"column":132}},"4":{"start":{"line":6,"column":15},"end":{"line":6,"column":23}},"5":{"start":{"line":9,"column":0},"end":{"line":9,"column":null}},"6":{"start":{"line":11,"column":0},"end":{"line":15,"column":null}},"7":{"start":{"line":17,"column":0},"end":{"line":30,"column":null}},"8":{"start":{"line":25,"column":26},"end":{"line":25,"column":35}},"9":{"start":{"line":32,"column":0},"end":{"line":47,"column":null}},"10":{"start":{"line":39,"column":26},"end":{"line":39,"column":35}},"11":{"start":{"line":49,"column":0},"end":{"line":53,"column":null}},"12":{"start":{"line":55,"column":0},"end":{"line":59,"column":null}},"13":{"start":{"line":61,"column":0},"end":{"line":61,"column":null}}},"fnMap":{"0":{"name":"(anonymous_0)","decl":{"start":{"line":25,"column":17},"end":{"line":25,"column":22}},"loc":{"start":{"line":25,"column":26},"end":{"line":25,"column":35}}},"1":{"name":"(anonymous_1)","decl":{"start":{"line":39,"column":17},"end":{"line":39,"column":22}},"loc":{"start":{"line":39,"column":26},"end":{"line":39,"column":35}}}},"branchMap":{},"s":{"0":2,"1":2,"2":2,"3":2,"4":2,"5":2,"6":2,"7":2,"8":4,"9":2,"10":5,"11":2,"12":2,"13":2},"f":{"0":4,"1":5},"b":{}}
,"C:\\Users\\asens\\OneDrive\\Escritorio\\proyectos\\rest_api_node_ts_server\\src\\server.ts": {"path":"C:\\Users\\asens\\OneDrive\\Escritorio\\proyectos\\rest_api_node_ts_server\\src\\server.ts","statementMap":{"0":{"start":{"line":7,"column":0},"end":{"line":7,"column":7}},"1":{"start":{"line":1,"column":0},"end":{"line":1,"column":29}},"2":{"start":{"line":2,"column":0},"end":{"line":2,"column":27}},"3":{"start":{"line":3,"column":0},"end":{"line":3,"column":32}},"4":{"start":{"line":4,"column":0},"end":{"line":4,"column":31}},"5":{"start":{"line":8,"column":4},"end":{"line":14,"column":5}},"6":{"start":{"line":9,"column":8},"end":{"line":9,"column":null}},"7":{"start":{"line":10,"column":8},"end":{"line":10,"column":null}},"8":{"start":{"line":13,"column":28},"end":{"line":13,"column":null}},"9":{"start":{"line":16,"column":0},"end":{"line":16,"column":null}},"10":{"start":{"line":19,"column":15},"end":{"line":19,"column":24}},"11":{"start":{"line":22,"column":0},"end":{"line":22,"column":null}},"12":{"start":{"line":24,"column":0},"end":{"line":24,"column":null}},"13":{"start":{"line":26,"column":0},"end":{"line":28,"column":null}},"14":{"start":{"line":27,"column":4},"end":{"line":27,"column":null}},"15":{"start":{"line":30,"column":0},"end":{"line":30,"column":null}},"16":{"start":{"line":37,"column":85},"end":{"line":37,"column":40016}},"17":{"start":{"line":37,"column":89},"end":{"line":37,"column":40005}},"18":{"start":{"line":37,"column":40131},"end":{"line":37,"column":40137}},"19":{"start":{"line":37,"column":40252},"end":{"line":37,"column":40258}},"20":{"start":{"line":37,"column":40373},"end":{"line":37,"column":40379}},"21":{"start":{"line":37,"column":40498},"end":{"line":37,"column":40504}},"22":{"start":{"line":37,"column":40648},"end":{"line":37,"column":40654}}},"fnMap":{"0":{"name":"connectDB","decl":{"start":{"line":7,"column":22},"end":{"line":7,"column":31}},"loc":{"start":{"line":7,"column":31},"end":{"line":15,"column":1}}},"1":{"name":"(anonymous_2)","decl":{"start":{"line":26,"column":19},"end":{"line":26,"column":20}},"loc":{"start":{"line":26,"column":32},"end":{"line":28,"column":1}}},"2":{"name":"oo_cm","decl":{"start":{"line":37,"column":77},"end":{"line":37,"column":82}},"loc":{"start":{"line":37,"column":82},"end":{"line":37,"column":40017}}}},"branchMap":{"0":{"loc":{"start":{"line":37,"column":96},"end":{"line":37,"column":40004}},"type":"binary-expr","locations":[{"start":{"line":37,"column":96},"end":{"line":37,"column":133}},{"start":{"line":37,"column":137},"end":{"line":37,"column":40004}}]}},"s":{"0":2,"1":2,"2":2,"3":2,"4":2,"5":3,"6":3,"7":2,"8":1,"9":2,"10":2,"11":2,"12":2,"13":2,"14":1,"15":2,"16":1,"17":1,"18":2,"19":2,"20":2,"21":2,"22":2},"f":{"0":3,"1":1,"2":1},"b":{"0":[1,1]}}
,"C:\\Users\\asens\\OneDrive\\Escritorio\\proyectos\\rest_api_node_ts_server\\src\\config\\db.ts": {"path":"C:\\Users\\asens\\OneDrive\\Escritorio\\proyectos\\rest_api_node_ts_server\\src\\config\\db.ts","statementMap":{"0":{"start":{"line":2,"column":0},"end":{"line":2,"column":49}},"1":{"start":{"line":3,"column":0},"end":{"line":3,"column":28}},"2":{"start":{"line":4,"column":0},"end":{"line":4,"column":49}},"3":{"start":{"line":8,"column":0},"end":{"line":8,"column":16}},"4":{"start":{"line":11,"column":11},"end":{"line":15,"column":2}},"5":{"start":{"line":18,"column":25},"end":{"line":23,"column":1}},"6":{"start":{"line":20,"column":2},"end":{"line":20,"column":18}},"7":{"start":{"line":21,"column":22},"end":{"line":21,"column":99}},"8":{"start":{"line":18,"column":13},"end":{"line":18,"column":25}},"9":{"start":{"line":25,"column":0},"end":{"line":25,"column":18}},"10":{"start":{"line":32,"column":85},"end":{"line":32,"column":40016}},"11":{"start":{"line":32,"column":89},"end":{"line":32,"column":40005}},"12":{"start":{"line":32,"column":40131},"end":{"line":32,"column":40137}},"13":{"start":{"line":32,"column":40252},"end":{"line":32,"column":40258}},"14":{"start":{"line":32,"column":40373},"end":{"line":32,"column":40379}},"15":{"start":{"line":32,"column":40498},"end":{"line":32,"column":40504}},"16":{"start":{"line":32,"column":40648},"end":{"line":32,"column":40654}}},"fnMap":{"0":{"name":"(anonymous_1)","decl":{"start":{"line":18,"column":25},"end":{"line":18,"column":30}},"loc":{"start":{"line":18,"column":36},"end":{"line":23,"column":1}}},"1":{"name":"oo_cm","decl":{"start":{"line":32,"column":77},"end":{"line":32,"column":82}},"loc":{"start":{"line":32,"column":82},"end":{"line":32,"column":40017}}}},"branchMap":{"0":{"loc":{"start":{"line":11,"column":25},"end":{"line":11,"column":55}},"type":"binary-expr","locations":[{"start":{"line":11,"column":25},"end":{"line":11,"column":49}},{"start":{"line":11,"column":53},"end":{"line":11,"column":55}}]},"1":{"loc":{"start":{"line":32,"column":96},"end":{"line":32,"column":40004}},"type":"binary-expr","locations":[{"start":{"line":32,"column":96},"end":{"line":32,"column":133}},{"start":{"line":32,"column":137},"end":{"line":32,"column":40004}}]}},"s":{"0":2,"1":2,"2":2,"3":2,"4":2,"5":2,"6":0,"7":0,"8":2,"9":2,"10":0,"11":0,"12":2,"13":2,"14":2,"15":2,"16":2},"f":{"0":0,"1":0},"b":{"0":[2,0],"1":[0,0]}}
,"C:\\Users\\asens\\OneDrive\\Escritorio\\proyectos\\rest_api_node_ts_server\\src\\handlers\\product.ts": {"path":"C:\\Users\\asens\\OneDrive\\Escritorio\\proyectos\\rest_api_node_ts_server\\src\\handlers\\product.ts","statementMap":{"0":{"start":{"line":2,"column":0},"end":{"line":2,"column":50}},"1":{"start":{"line":4,"column":27},"end":{"line":7,"column":1}},"2":{"start":{"line":5,"column":21},"end":{"line":5,"column":44}},"3":{"start":{"line":6,"column":4},"end":{"line":6,"column":null}},"4":{"start":{"line":4,"column":13},"end":{"line":4,"column":27}},"5":{"start":{"line":9,"column":30},"end":{"line":19,"column":1}},"6":{"start":{"line":10,"column":19},"end":{"line":10,"column":29}},"7":{"start":{"line":11,"column":20},"end":{"line":11,"column":46}},"8":{"start":{"line":13,"column":4},"end":{"line":16,"column":5}},"9":{"start":{"line":14,"column":8},"end":{"line":14,"column":null}},"10":{"start":{"line":15,"column":8},"end":{"line":15,"column":14}},"11":{"start":{"line":18,"column":4},"end":{"line":18,"column":null}},"12":{"start":{"line":9,"column":13},"end":{"line":9,"column":30}},"13":{"start":{"line":22,"column":29},"end":{"line":29,"column":1}},"14":{"start":{"line":23,"column":4},"end":{"line":28,"column":5}},"15":{"start":{"line":24,"column":24},"end":{"line":24,"column":54}},"16":{"start":{"line":25,"column":8},"end":{"line":25,"column":null}},"17":{"start":{"line":27,"column":28},"end":{"line":27,"column":null}},"18":{"start":{"line":22,"column":13},"end":{"line":22,"column":29}},"19":{"start":{"line":31,"column":29},"end":{"line":47,"column":1}},"20":{"start":{"line":33,"column":19},"end":{"line":33,"column":29}},"21":{"start":{"line":34,"column":20},"end":{"line":34,"column":46}},"22":{"start":{"line":36,"column":4},"end":{"line":39,"column":5}},"23":{"start":{"line":37,"column":8},"end":{"line":37,"column":null}},"24":{"start":{"line":38,"column":8},"end":{"line":38,"column":14}},"25":{"start":{"line":42,"column":4},"end":{"line":42,"column":null}},"26":{"start":{"line":44,"column":4},"end":{"line":44,"column":null}},"27":{"start":{"line":46,"column":4},"end":{"line":46,"column":null}},"28":{"start":{"line":31,"column":13},"end":{"line":31,"column":29}},"29":{"start":{"line":49,"column":34},"end":{"line":65,"column":1}},"30":{"start":{"line":51,"column":19},"end":{"line":51,"column":29}},"31":{"start":{"line":52,"column":20},"end":{"line":52,"column":46}},"32":{"start":{"line":54,"column":4},"end":{"line":57,"column":5}},"33":{"start":{"line":55,"column":8},"end":{"line":55,"column":null}},"34":{"start":{"line":56,"column":8},"end":{"line":56,"column":14}},"35":{"start":{"line":60,"column":4},"end":{"line":60,"column":null}},"36":{"start":{"line":62,"column":4},"end":{"line":62,"column":null}},"37":{"start":{"line":64,"column":4},"end":{"line":64,"column":null}},"38":{"start":{"line":49,"column":13},"end":{"line":49,"column":34}},"39":{"start":{"line":67,"column":29},"end":{"line":80,"column":1}},"40":{"start":{"line":69,"column":19},"end":{"line":69,"column":29}},"41":{"start":{"line":70,"column":20},"end":{"line":70,"column":46}},"42":{"start":{"line":72,"column":4},"end":{"line":75,"column":5}},"43":{"start":{"line":73,"column":8},"end":{"line":73,"column":null}},"44":{"start":{"line":74,"column":8},"end":{"line":74,"column":14}},"45":{"start":{"line":78,"column":4},"end":{"line":78,"column":null}},"46":{"start":{"line":79,"column":4},"end":{"line":79,"column":null}},"47":{"start":{"line":67,"column":13},"end":{"line":67,"column":29}},"48":{"start":{"line":87,"column":85},"end":{"line":87,"column":40016}},"49":{"start":{"line":87,"column":89},"end":{"line":87,"column":40005}},"50":{"start":{"line":87,"column":40131},"end":{"line":87,"column":40137}},"51":{"start":{"line":87,"column":40252},"end":{"line":87,"column":40258}},"52":{"start":{"line":87,"column":40373},"end":{"line":87,"column":40379}},"53":{"start":{"line":87,"column":40498},"end":{"line":87,"column":40504}},"54":{"start":{"line":87,"column":40648},"end":{"line":87,"column":40654}}},"fnMap":{"0":{"name":"(anonymous_1)","decl":{"start":{"line":4,"column":27},"end":{"line":4,"column":32}},"loc":{"start":{"line":4,"column":65},"end":{"line":7,"column":1}}},"1":{"name":"(anonymous_2)","decl":{"start":{"line":9,"column":30},"end":{"line":9,"column":35}},"loc":{"start":{"line":9,"column":83},"end":{"line":19,"column":1}}},"2":{"name":"(anonymous_3)","decl":{"start":{"line":22,"column":29},"end":{"line":22,"column":34}},"loc":{"start":{"line":22,"column":69},"end":{"line":29,"column":1}}},"3":{"name":"(anonymous_4)","decl":{"start":{"line":31,"column":29},"end":{"line":31,"column":34}},"loc":{"start":{"line":31,"column":66},"end":{"line":47,"column":1}}},"4":{"name":"(anonymous_5)","decl":{"start":{"line":49,"column":34},"end":{"line":49,"column":39}},"loc":{"start":{"line":49,"column":71},"end":{"line":65,"column":1}}},"5":{"name":"(anonymous_6)","decl":{"start":{"line":67,"column":29},"end":{"line":67,"column":34}},"loc":{"start":{"line":67,"column":67},"end":{"line":80,"column":1}}},"6":{"name":"oo_cm","decl":{"start":{"line":87,"column":77},"end":{"line":87,"column":82}},"loc":{"start":{"line":87,"column":82},"end":{"line":87,"column":40017}}}},"branchMap":{"0":{"loc":{"start":{"line":13,"column":4},"end":{"line":16,"column":5}},"type":"if","locations":[{"start":{"line":13,"column":4},"end":{"line":16,"column":5}}]},"1":{"loc":{"start":{"line":36,"column":4},"end":{"line":39,"column":5}},"type":"if","locations":[{"start":{"line":36,"column":4},"end":{"line":39,"column":5}}]},"2":{"loc":{"start":{"line":54,"column":4},"end":{"line":57,"column":5}},"type":"if","locations":[{"start":{"line":54,"column":4},"end":{"line":57,"column":5}}]},"3":{"loc":{"start":{"line":72,"column":4},"end":{"line":75,"column":5}},"type":"if","locations":[{"start":{"line":72,"column":4},"end":{"line":75,"column":5}}]},"4":{"loc":{"start":{"line":87,"column":96},"end":{"line":87,"column":40004}},"type":"binary-expr","locations":[{"start":{"line":87,"column":96},"end":{"line":87,"column":133}},{"start":{"line":87,"column":137},"end":{"line":87,"column":40004}}]}},"s":{"0":2,"1":2,"2":2,"3":2,"4":2,"5":2,"6":2,"7":2,"8":2,"9":1,"10":1,"11":1,"12":2,"13":2,"14":1,"15":1,"16":1,"17":0,"18":2,"19":2,"20":2,"21":2,"22":2,"23":1,"24":1,"25":1,"26":1,"27":1,"28":2,"29":2,"30":2,"31":2,"32":2,"33":1,"34":1,"35":1,"36":1,"37":1,"38":2,"39":2,"40":2,"41":2,"42":2,"43":1,"44":1,"45":1,"46":1,"47":2,"48":0,"49":0,"50":2,"51":2,"52":2,"53":2,"54":2},"f":{"0":2,"1":2,"2":1,"3":2,"4":2,"5":2,"6":0},"b":{"0":[1],"1":[1],"2":[1],"3":[1],"4":[0,0]}}
,"C:\\Users\\asens\\OneDrive\\Escritorio\\proyectos\\rest_api_node_ts_server\\src\\middleware\\index.ts": {"path":"C:\\Users\\asens\\OneDrive\\Escritorio\\proyectos\\rest_api_node_ts_server\\src\\middleware\\index.ts","statementMap":{"0":{"start":{"line":2,"column":0},"end":{"line":2,"column":53}},"1":{"start":{"line":4,"column":33},"end":{"line":18,"column":1}},"2":{"start":{"line":6,"column":19},"end":{"line":6,"column":40}},"3":{"start":{"line":8,"column":4},"end":{"line":17,"column":5}},"4":{"start":{"line":10,"column":8},"end":{"line":13,"column":11}},"5":{"start":{"line":16,"column":8},"end":{"line":16,"column":15}},"6":{"start":{"line":4,"column":13},"end":{"line":4,"column":33}}},"fnMap":{"0":{"name":"(anonymous_0)","decl":{"start":{"line":4,"column":33},"end":{"line":4,"column":34}},"loc":{"start":{"line":4,"column":91},"end":{"line":18,"column":1}}}},"branchMap":{"0":{"loc":{"start":{"line":8,"column":4},"end":{"line":17,"column":5}},"type":"if","locations":[{"start":{"line":8,"column":4},"end":{"line":17,"column":5}},{"start":{"line":14,"column":11},"end":{"line":17,"column":5}}]}},"s":{"0":2,"1":2,"2":17,"3":17,"4":8,"5":9,"6":2},"f":{"0":17},"b":{"0":[8,9]}}
,"C:\\Users\\asens\\OneDrive\\Escritorio\\proyectos\\rest_api_node_ts_server\\src\\models\\Product.model.ts": {"path":"C:\\Users\\asens\\OneDrive\\Escritorio\\proyectos\\rest_api_node_ts_server\\src\\models\\Product.model.ts","statementMap":{"0":{"start":{"line":1,"column":0},"end":{"line":1,"column":78}},"1":{"start":{"line":7,"column":0},"end":{"line":23,"column":null}},"2":{"start":{"line":11,"column":12},"end":{"line":11,"column":null}},"3":{"start":{"line":16,"column":12},"end":{"line":16,"column":null}},"4":{"start":{"line":22,"column":12},"end":{"line":22,"column":null}},"5":{"start":{"line":7,"column":6},"end":{"line":23,"column":null}},"6":{"start":{"line":25,"column":0},"end":{"line":25,"column":null}}},"fnMap":{},"branchMap":{},"s":{"0":3,"1":3,"2":3,"3":3,"4":3,"5":3,"6":3},"f":{},"b":{}}
}
