TN:
SF:src\router.ts
FN:25,(anonymous_0)
FN:39,(anonymous_1)
FNF:2
FNH:2
FNDA:4,(anonymous_0)
FNDA:5,(anonymous_1)
DA:1,2
DA:2,2
DA:3,2
DA:4,2
DA:6,2
DA:9,2
DA:11,2
DA:17,2
DA:25,4
DA:32,2
DA:39,5
DA:49,2
DA:55,2
DA:61,2
LF:14
LH:14
BRF:0
BRH:0
end_of_record
TN:
SF:src\server.ts
FN:7,connectDB
FN:26,(anonymous_2)
FN:37,oo_cm
FNF:3
FNH:3
FNDA:3,connectDB
FNDA:1,(anonymous_2)
FNDA:1,oo_cm
DA:1,2
DA:2,2
DA:3,2
DA:4,2
DA:7,2
DA:8,3
DA:9,3
DA:10,2
DA:13,1
DA:16,2
DA:19,2
DA:22,2
DA:24,2
DA:26,2
DA:27,1
DA:30,2
DA:37,2
LF:17
LH:17
BRDA:37,0,0,1
BRDA:37,0,1,1
BRF:2
BRH:2
end_of_record
TN:
SF:src\config\db.ts
FN:18,(anonymous_1)
FN:32,oo_cm
FNF:2
FNH:0
FNDA:0,(anonymous_1)
FNDA:0,oo_cm
DA:2,2
DA:3,2
DA:4,2
DA:8,2
DA:11,2
DA:18,2
DA:20,0
DA:21,0
DA:25,2
DA:32,2
LF:10
LH:8
BRDA:11,0,0,2
BRDA:11,0,1,0
BRDA:32,1,0,0
BRDA:32,1,1,0
BRF:4
BRH:1
end_of_record
TN:
SF:src\handlers\product.ts
FN:4,(anonymous_1)
FN:9,(anonymous_2)
FN:22,(anonymous_3)
FN:31,(anonymous_4)
FN:49,(anonymous_5)
FN:67,(anonymous_6)
FN:87,oo_cm
FNF:7
FNH:6
FNDA:2,(anonymous_1)
FNDA:2,(anonymous_2)
FNDA:1,(anonymous_3)
FNDA:2,(anonymous_4)
FNDA:2,(anonymous_5)
FNDA:2,(anonymous_6)
FNDA:0,oo_cm
DA:2,2
DA:4,2
DA:5,2
DA:6,2
DA:9,2
DA:10,2
DA:11,2
DA:13,2
DA:14,1
DA:15,1
DA:18,1
DA:22,2
DA:23,1
DA:24,1
DA:25,1
DA:27,0
DA:31,2
DA:33,2
DA:34,2
DA:36,2
DA:37,1
DA:38,1
DA:42,1
DA:44,1
DA:46,1
DA:49,2
DA:51,2
DA:52,2
DA:54,2
DA:55,1
DA:56,1
DA:60,1
DA:62,1
DA:64,1
DA:67,2
DA:69,2
DA:70,2
DA:72,2
DA:73,1
DA:74,1
DA:78,1
DA:79,1
DA:87,2
LF:43
LH:42
BRDA:13,0,0,1
BRDA:36,1,0,1
BRDA:54,2,0,1
BRDA:72,3,0,1
BRDA:87,4,0,0
BRDA:87,4,1,0
BRF:6
BRH:4
end_of_record
TN:
SF:src\middleware\index.ts
FN:4,(anonymous_0)
FNF:1
FNH:1
FNDA:17,(anonymous_0)
DA:2,2
DA:4,2
DA:6,17
DA:8,17
DA:10,8
DA:16,9
LF:6
LH:6
BRDA:8,0,0,8
BRDA:8,0,1,9
BRF:2
BRH:2
end_of_record
TN:
SF:src\models\Product.model.ts
FNF:0
FNH:0
DA:1,3
DA:7,3
DA:11,3
DA:16,3
DA:22,3
DA:25,3
LF:6
LH:6
BRF:0
BRH:0
end_of_record
